2011-01-18 21:38:45,824 - INFO - fetch: http://www.ss.lv/lv/transport/cars/rss/
2011-01-18 21:38:56,211 - INFO - fetch: http://www.ss.lv/msg/lv/transport/cars/volvo/s60/akhdi.html
2011-01-18 21:38:56,574 - INFO - added: http://www.ss.lv/msg/lv/transport/cars/volvo/s60/akhdi.html
2011-01-18 21:39:06,585 - INFO - fetch: http://www.ss.lv/msg/lv/transport/cars/volkswagen/caravelle/mfkdo.html
2011-01-18 21:39:06,871 - INFO - added: http://www.ss.lv/msg/lv/transport/cars/volkswagen/caravelle/mfkdo.html
2011-01-18 21:39:16,885 - INFO - fetch: http://www.ss.lv/msg/lv/transport/cars/audi/a6/bfpcx.html
2011-01-18 21:39:17,187 - INFO - added: http://www.ss.lv/msg/lv/transport/cars/audi/a6/bfpcx.html
2011-01-18 21:39:27,200 - INFO - fetch: http://www.ss.lv/msg/lv/transport/cars/audi/coupe/gpged.html
2011-01-18 21:39:27,470 - INFO - added: http://www.ss.lv/msg/lv/transport/cars/audi/coupe/gpged.html
2011-01-18 21:39:37,486 - INFO - fetch: http://www.ss.lv/msg/lv/transport/cars/audi/a6/bkjhn.html
2011-01-18 21:39:37,778 - INFO - added: http://www.ss.lv/msg/lv/transport/cars/audi/a6/bkjhn.html
2011-01-18 21:39:47,792 - INFO - fetch: http://www.ss.lv/msg/lv/transport/cars/mazda/323/gmfkp.html
2011-01-18 21:39:48,077 - INFO - added: http://www.ss.lv/msg/lv/transport/cars/mazda/323/gmfkp.html
2011-01-18 21:39:58,090 - INFO - fetch: http://www.ss.lv/msg/lv/transport/cars/uaz/3962/fjcnl.html
2011-01-18 21:39:58,335 - INFO - added: http://www.ss.lv/msg/lv/transport/cars/uaz/3962/fjcnl.html
2011-01-18 21:40:08,356 - INFO - fetch: http://www.ss.lv/msg/lv/transport/cars/volkswagen/golf-4/djfjm.html
2011-01-18 21:40:08,651 - INFO - added: http://www.ss.lv/msg/lv/transport/cars/volkswagen/golf-4/djfjm.html
2011-01-18 21:40:18,666 - INFO - fetch: http://www.ss.lv/msg/lv/transport/cars/mazda/626/fnlcb.html
2011-01-18 21:40:18,934 - INFO - added: http://www.ss.lv/msg/lv/transport/cars/mazda/626/fnlcb.html
2011-01-18 21:40:28,947 - INFO - fetch: http://www.ss.lv/msg/lv/transport/cars/opel/astra/dhhgh.html
2011-01-18 21:40:29,425 - INFO - added: http://www.ss.lv/msg/lv/transport/cars/opel/astra/dhhgh.html
2011-01-18 21:40:39,441 - INFO - fetch: http://www.ss.lv/msg/lv/transport/cars/toyota/celica/cegme.html
2011-01-18 21:40:39,791 - INFO - added: http://www.ss.lv/msg/lv/transport/cars/toyota/celica/cegme.html
2011-01-18 21:40:49,806 - INFO - fetch: http://www.ss.lv/msg/lv/transport/cars/audi/100/edlgg.html
2011-01-18 21:40:50,099 - INFO - added: http://www.ss.lv/msg/lv/transport/cars/audi/100/edlgg.html
2011-01-18 21:41:00,114 - INFO - fetch: http://www.ss.lv/msg/lv/transport/cars/volvo/460/gkkkk.html
2011-01-18 21:41:00,365 - INFO - added: http://www.ss.lv/msg/lv/transport/cars/volvo/460/gkkkk.html
2011-01-18 21:41:10,381 - INFO - fetch: http://www.ss.lv/msg/lv/transport/cars/mazda/323/bdmbi.html
2011-01-18 21:41:10,631 - INFO - added: http://www.ss.lv/msg/lv/transport/cars/mazda/323/bdmbi.html
2011-01-18 21:41:20,647 - INFO - fetch: http://www.ss.lv/msg/lv/transport/cars/bmw/735/bddcj.html
2011-01-18 21:41:20,906 - INFO - added: http://www.ss.lv/msg/lv/transport/cars/bmw/735/bddcj.html
2011-01-18 21:41:30,921 - INFO - fetch: http://www.ss.lv/msg/lv/transport/cars/nissan/almera/hhxlk.html
2011-01-18 21:41:31,197 - INFO - added: http://www.ss.lv/msg/lv/transport/cars/nissan/almera/hhxlk.html
2011-01-18 21:41:41,206 - INFO - fetch: http://www.ss.lv/msg/lv/transport/cars/audi/a6/ddooj.html
2011-01-18 21:41:41,488 - INFO - added: http://www.ss.lv/msg/lv/transport/cars/audi/a6/ddooj.html
2011-01-18 21:41:51,500 - INFO - fetch: http://www.ss.lv/msg/lv/transport/cars/mazda/323/blmmi.html
2011-01-18 21:41:51,787 - INFO - added: http://www.ss.lv/msg/lv/transport/cars/mazda/323/blmmi.html
2011-01-18 21:42:01,804 - INFO - fetch: http://www.zip.lv/rss/?s=4c30d1b9064a62429364da4f174ba018
