
 2010-12-29 16:51:26.241247 : fetch: http://www.ss.lv/lv/transport/cars/rss/
 2010-12-29 16:51:28.163396 : fetch: http://www.ss.lv/msg/lv/transport/cars/bmw/520/ccfbp.html
 2010-12-29 16:51:28.438791 : added: http://www.ss.lv/msg/lv/transport/cars/bmw/520/ccfbp.html
 2010-12-29 16:51:29.942905 : fetch: http://www.ss.lv/msg/lv/transport/cars/mercedes/c220/bgndi.html
 2010-12-29 16:51:30.272090 : added: http://www.ss.lv/msg/lv/transport/cars/mercedes/c220/bgndi.html
 2010-12-29 16:52:01.946955 : fetch: http://www.zip.lv/rss/?s=4c30d1b9064a62429364da4f174ba018
 2010-12-29 16:52:03.679417 : fetch: http://www.zip.lv/show/?r=1403665
 2010-12-29 16:52:03.911045 : added: http://www.zip.lv/show/?r=1403665
 2010-12-29 16:52:35.553436 : fetch: http://www.ss.lv/lv/transport/cars/rss/
 2010-12-29 16:52:37.300361 : fetch: http://www.ss.lv/msg/lv/transport/cars/uaz/another/mlolo.html
 2010-12-29 16:52:37.625491 : added: http://www.ss.lv/msg/lv/transport/cars/uaz/another/mlolo.html
 2010-12-29 16:52:39.134968 : fetch: http://www.ss.lv/msg/lv/transport/cars/audi/80/gjgdi.html
 2010-12-29 16:52:39.442002 : added: http://www.ss.lv/msg/lv/transport/cars/audi/80/gjgdi.html
 2010-12-29 16:53:11.134968 : fetch: http://www.zip.lv/rss/?s=4c30d1b9064a62429364da4f174ba018
 2010-12-29 16:53:42.983206 : fetch: http://www.ss.lv/lv/transport/cars/rss/
 2010-12-29 16:53:44.796255 : fetch: http://www.ss.lv/msg/lv/transport/cars/volvo/s80/gkjjc.html
 2010-12-29 16:53:45.178375 : added: http://www.ss.lv/msg/lv/transport/cars/volvo/s80/gkjjc.html
 2010-12-29 16:54:16.834465 : fetch: http://www.zip.lv/rss/?s=4c30d1b9064a62429364da4f174ba018
 2010-12-29 16:54:48.698745 : fetch: http://www.ss.lv/lv/transport/cars/rss/
 2010-12-29 16:55:20.595116 : fetch: http://www.zip.lv/rss/?s=4c30d1b9064a62429364da4f174ba018
 2010-12-29 16:55:52.435119 : fetch: http://www.ss.lv/lv/transport/cars/rss/
 2010-12-29 16:56:24.317928 : fetch: http://www.zip.lv/rss/?s=4c30d1b9064a62429364da4f174ba018
 2010-12-29 16:56:56.166924 : fetch: http://www.ss.lv/lv/transport/cars/rss/
 2010-12-29 16:57:28.057371 : fetch: http://www.zip.lv/rss/?s=4c30d1b9064a62429364da4f174ba018
 2010-12-29 16:57:59.908215 : fetch: http://www.ss.lv/lv/transport/cars/rss/
 2010-12-29 16:58:01.656301 : fetch: http://www.ss.lv/msg/lv/transport/cars/peugeot/206/dfjif.html
 2010-12-29 16:58:02.000367 : added: http://www.ss.lv/msg/lv/transport/cars/peugeot/206/dfjif.html